<?xml version="1.0" encoding="UTF-8"?>
<!-- Generated by org.testng.reporters.JUnitReportReporter -->
<testsuite hostname="LAPTOP-DK6TK74Q" failures="0" tests="1" name="com.driver.Screenshot" time="16.779" errors="0" timestamp="27 Jul 2021 05:58:12 GMT" skipped="0">
  <testcase classname="com.driver.Screenshot" name="screenshot" time="16.779"/>
</testsuite> <!-- com.driver.Screenshot -->
