<?xml version="1.0" encoding="UTF-8"?>
<!-- Generated by org.testng.reporters.JUnitReportReporter -->
<testsuite hostname="LAPTOP-DK6TK74Q" failures="0" tests="1" name="practice.ScrollGeneralStores" time="42.240" errors="0" timestamp="27 Jul 2021 06:55:51 GMT" skipped="0">
  <testcase classname="practice.ScrollGeneralStores" name="scrollGeneralStores" time="42.240"/>
</testsuite> <!-- practice.ScrollGeneralStores -->
