<?xml version="1.0" encoding="UTF-8"?>
<!-- Generated by org.testng.reporters.JUnitReportReporter -->
<testsuite hostname="LAPTOP-DK6TK74Q" failures="0" tests="1" name="practice.LaunchAPIDemos" time="12.310" errors="0" timestamp="27 Jul 2021 05:41:04 GMT" skipped="0">
  <testcase classname="practice.LaunchAPIDemos" name="launchAPIDemos" time="12.310"/>
</testsuite> <!-- practice.LaunchAPIDemos -->
